<?xml version="1.0" encoding="UTF-8"?>
<testsuite xmlns:xsi="http://www.w3.org/2001/XMLSchema-instance" xsi:noNamespaceSchemaLocation="https://maven.apache.org/surefire/maven-surefire-plugin/xsd/surefire-test-report.xsd" version="3.0.2" name="com.gacha.banners.BannersApplicationTests" time="5.124" tests="1" errors="0" skipped="0" failures="0">
  <properties>
[...]
</properties>
  <testcase name="contextLoads" classname="com.gacha.banners.BannersApplicationTests" time="1.359">
    <system-out><![CDATA[19:15:42.997 [main] INFO org.springframework.test.context.support.AnnotationConfigContextLoaderUtils -- Could not detect default configuration classes for test class [com.gacha.banners.BannersApplicationTests]: BannersApplicationTests does not declare any static, non-private, non-final, nested classes annotated with @Configuration.
19:15:43.143 [main] INFO org.springframework.boot.test.context.SpringBootTestContextBootstrapper -- Found @SpringBootConfiguration com.gacha.banners.BannersApplication for test class com.gacha.banners.BannersApplicationTests

  .   ____          _            __ _ _
 /\\ / ___'_ __ _ _(_)_ __  __ _ \ \ \ \
( ( )\___ | '_ | '_| | '_ \/ _` | \ \ \ \
 \\/  ___)| |_)| | | | | || (_| |  ) ) ) )
  '  |____| .__|_| |_|_| |_\__, | / / / /
 =========|_|==============|___/=/_/_/_/

 :: Spring Boot ::                (v3.4.2)

2025-02-20T19:15:43.644+06:30  INFO 1880 --- [banners] [           main] c.gacha.banners.BannersApplicationTests  : Starting BannersApplicationTests using Java 21.0.2 with PID 1880 (started by Dell in D:\Sanera\Tasks\gacha-calculator\full-stack\Github repo\banners)
2025-02-20T19:15:43.646+06:30  INFO 1880 --- [banners] [           main] c.gacha.banners.BannersApplicationTests  : No active profile set, falling back to 1 default profile: "default"
2025-02-20T19:15:45.736+06:30  WARN 1880 --- [banners] [           main] ion$DefaultTemplateResolverConfiguration : Cannot find template location: classpath:/templates/ (please add some templates, check your Thymeleaf configuration, or set spring.thymeleaf.check-template-location=false)
2025-02-20T19:15:46.254+06:30  INFO 1880 --- [banners] [           main] o.s.b.a.e.web.EndpointLinksResolver      : Exposing 1 endpoint beneath base path '/actuator'
2025-02-20T19:15:46.432+06:30  INFO 1880 --- [banners] [           main] c.gacha.banners.BannersApplicationTests  : Started BannersApplicationTests in 3.118 seconds (process running for 4.276)
]]></system-out>
    <system-err><![CDATA[Mockito is currently self-attaching to enable the inline-mock-maker. This will no longer work in future releases of the JDK. Please add Mockito as an agent to your build what is described in Mockito's documentation: https://javadoc.io/doc/org.mockito/mockito-core/latest/org/mockito/Mockito.html#0.3
WARNING: A Java agent has been loaded dynamically (C:\Users\Dell\.m2\repository\net\bytebuddy\byte-buddy-agent\1.15.11\byte-buddy-agent-1.15.11.jar)
WARNING: If a serviceability tool is in use, please run with -XX:+EnableDynamicAgentLoading to hide this warning
WARNING: If a serviceability tool is not in use, please run with -Djdk.instrument.traceUsage for more information
WARNING: Dynamic loading of agents will be disallowed by default in a future release
]]></system-err>
  </testcase>
</testsuite>